<?xml version="1.0" encoding="UTF-8"?>
<!-- Generated by org.testng.reporters.JUnitReportReporter -->
<testsuite hostname="DESKTOP-47P2MTB" failures="0" tests="1" name="testCase.SwagLabs2InventoryPageTest" time="48.543" errors="0" timestamp="2024-08-06T02:13:30 IST" skipped="0">
  <testcase classname="testCase.SwagLabs2InventoryPageTest" name="verifyUserIsAbleToNavigateToSocialMediaSites" time="48.543"/>
  <system-out/>
</testsuite> <!-- testCase.SwagLabs2InventoryPageTest -->
